{"/Users/keito/workspace/jest-study/react/Button.js": {"path":"/Users/keito/workspace/jest-study/react/Button.js","statementMap":{"0":{"start":{"line":4,"column":38},"end":{"line":4,"column":56}},"1":{"start":{"line":6,"column":22},"end":{"line":9,"column":3}},"2":{"start":{"line":11,"column":2},"end":{"line":15,"column":4}},"3":{"start":{"line":12,"column":27},"end":{"line":12,"column":53}}},"fnMap":{"0":{"name":"Button","decl":{"start":{"line":3,"column":24},"end":{"line":3,"column":30}},"loc":{"start":{"line":3,"column":52},"end":{"line":16,"column":1}},"line":3},"1":{"name":"(anonymous_1)","decl":{"start":{"line":12,"column":21},"end":{"line":12,"column":22}},"loc":{"start":{"line":12,"column":27},"end":{"line":12,"column":53}},"line":12}},"branchMap":{"0":{"loc":{"start":{"line":3,"column":33},"end":{"line":3,"column":48}},"type":"default-arg","locations":[{"start":{"line":3,"column":44},"end":{"line":3,"column":48}}],"line":3},"1":{"loc":{"start":{"line":13,"column":7},"end":{"line":13,"column":32}},"type":"cond-expr","locations":[{"start":{"line":13,"column":20},"end":{"line":13,"column":24}},{"start":{"line":13,"column":27},"end":{"line":13,"column":32}}],"line":13}},"s":{"0":4,"1":4,"2":4,"3":2},"f":{"0":4,"1":2},"b":{"0":[4],"1":[3,1]},"_coverageSchema":"1a1c01bbd47fc00a2c39e90264f33305004495a9","hash":"40a0174b43fc3f39c071a12daaa2cd1b970f0671"}
,"/Users/keito/workspace/jest-study/src/greet.js": {"path":"/Users/keito/workspace/jest-study/src/greet.js","statementMap":{"0":{"start":{"line":1,"column":19},"end":{"line":3,"column":1}},"1":{"start":{"line":2,"column":2},"end":{"line":2,"column":66}},"2":{"start":{"line":5,"column":21},"end":{"line":10,"column":1}},"3":{"start":{"line":6,"column":26},"end":{"line":6,"column":42}},"4":{"start":{"line":7,"column":15},"end":{"line":7,"column":36}},"5":{"start":{"line":8,"column":23},"end":{"line":8,"column":72}},"6":{"start":{"line":9,"column":2},"end":{"line":9,"column":47}}},"fnMap":{"0":{"name":"(anonymous_0)","decl":{"start":{"line":1,"column":19},"end":{"line":1,"column":20}},"loc":{"start":{"line":1,"column":28},"end":{"line":3,"column":1}},"line":1},"1":{"name":"(anonymous_1)","decl":{"start":{"line":5,"column":21},"end":{"line":5,"column":22}},"loc":{"start":{"line":5,"column":31},"end":{"line":10,"column":1}},"line":5}},"branchMap":{"0":{"loc":{"start":{"line":8,"column":23},"end":{"line":8,"column":72}},"type":"cond-expr","locations":[{"start":{"line":8,"column":48},"end":{"line":8,"column":62}},{"start":{"line":8,"column":65},"end":{"line":8,"column":72}}],"line":8},"1":{"loc":{"start":{"line":8,"column":23},"end":{"line":8,"column":45}},"type":"binary-expr","locations":[{"start":{"line":8,"column":23},"end":{"line":8,"column":32}},{"start":{"line":8,"column":36},"end":{"line":8,"column":45}}],"line":8}},"s":{"0":1,"1":1,"2":1,"3":1,"4":1,"5":1,"6":1},"f":{"0":1,"1":1},"b":{"0":[0,1],"1":[1,1]},"_coverageSchema":"1a1c01bbd47fc00a2c39e90264f33305004495a9","hash":"f21e28d84e9c06236cb1de371f5574dbae1ed6f5"}
}
